tracker/build/intermediates/manifest_merge_blame_file/debug/manifest-merger-blame-debug-report.txt
1<?xml version="1.0" encoding="utf-8"?>
2<manifest xmlns:android="http://schemas.android.com/apk/res/android"
3    xmlns:tools="http://schemas.android.com/tools"
4    package="org.matomo.sdk" > <!-- added suppression for timber since 4.1.2 has minsdk 15 because google doesn't show it in the dashboard -->
5    <uses-sdk
5-->src\main\AndroidManifest.xml:6:5-51
6        android:minSdkVersion="21"
6-->src\main\AndroidManifest.xml:6:5-51
7        android:targetSdkVersion="31"
7-->src\main\AndroidManifest.xml:6:5-51
8        tools:overrideLibrary="timber.log" />
8-->src\main\AndroidManifest.xml:6:15-49
9
10    <uses-permission android:name="android.permission.INTERNET" />
10-->src\main\AndroidManifest.xml:8:5-66
10-->src\main\AndroidManifest.xml:8:22-64
11    <uses-permission android:name="android.permission.ACCESS_NETWORK_STATE" />
11-->src\main\AndroidManifest.xml:9:5-78
11-->src\main\AndroidManifest.xml:9:22-76
12
13    <application>
13-->src\main\AndroidManifest.xml:11:5-21:19
14
15        <!-- Suppress warning about unrestricted access to this receiver this is need to check which app store installed the app -->
16        <receiver
16-->src\main\AndroidManifest.xml:13:9-20:20
17            android:name="org.matomo.sdk.extra.InstallReferrerReceiver"
17-->src\main\AndroidManifest.xml:14:13-72
18            android:exported="true"
18-->src\main\AndroidManifest.xml:15:13-36
19            tools:ignore="ExportedReceiver" >
19-->src\main\AndroidManifest.xml:16:13-44
20            <intent-filter>
20-->src\main\AndroidManifest.xml:17:13-19:29
21                <action android:name="com.android.vending.INSTALL_REFERRER" />
21-->src\main\AndroidManifest.xml:18:17-78
21-->src\main\AndroidManifest.xml:18:25-76
22            </intent-filter>
23        </receiver>
24    </application>
25
26</manifest>